<?xml version="1.0" encoding="UTF-8"?>
<testsuite name="capstone.socialchild.service.MemberServiceTest" tests="3" skipped="0" failures="0" errors="0" timestamp="2024-05-23T06:09:32" hostname="simgyuseon-ui-MacBookAir.local" time="6.21">
  <properties/>
  <testcase name="회원가입_테스트()" classname="capstone.socialchild.service.MemberServiceTest" time="2.349"/>
  <testcase name="중복회원_예외()" classname="capstone.socialchild.service.MemberServiceTest" time="1.916"/>
  <testcase name="회원삭제_테스트()" classname="capstone.socialchild.service.MemberServiceTest" time="1.938"/>
  <system-out><![CDATA[2024-05-23T15:09:32.268+09:00  INFO 98548 --- [    Test worker] t.c.s.AnnotationConfigContextLoaderUtils : Could not detect default configuration classes for test class [capstone.socialchild.service.MemberServiceTest]: MemberServiceTest does not declare any static, non-private, non-final, nested classes annotated with @Configuration.
2024-05-23T15:09:32.269+09:00  INFO 98548 --- [    Test worker] .b.t.c.SpringBootTestContextBootstrapper : Found @SpringBootConfiguration capstone.socialchild.socialchildApplication for test class capstone.socialchild.service.MemberServiceTest
2024-05-23T15:09:32.598+09:00 DEBUG 98548 --- [    Test worker] org.hibernate.SQL                        : 
    insert 
    into
        members
        (birth, gender, login_id, login_password, name, phone_no, role) 
    values
        (?, ?, ?, ?, ?, ?, ?)
2024-05-23T15:09:32.921+09:00  INFO 98548 --- [    Test worker] p6spy                                    : #1716444572921 | took 318ms | statement | connection 5| url jdbc:mysql://basic-capstone-socialchild.c7sqiiwaofcr.eu-north-1.rds.amazonaws.com:3306/socialchilddb
insert into members (birth,gender,login_id,login_password,name,phone_no,role) values (?,?,?,?,?,?,?)
insert into members (birth,gender,login_id,login_password,name,phone_no,role) values ('2000-01-01T00:00:00.000+0900','MALE','user1','password1','John Doe','123-4567-8901','CHILD');
2024-05-23T15:09:32.923+09:00 DEBUG 98548 --- [    Test worker] org.hibernate.SQL                        : 
    insert 
    into
        members
        (birth, gender, login_id, login_password, name, phone_no, role) 
    values
        (?, ?, ?, ?, ?, ?, ?)
2024-05-23T15:09:33.232+09:00  INFO 98548 --- [    Test worker] p6spy                                    : #1716444573232 | took 306ms | statement | connection 5| url jdbc:mysql://basic-capstone-socialchild.c7sqiiwaofcr.eu-north-1.rds.amazonaws.com:3306/socialchilddb
insert into members (birth,gender,login_id,login_password,name,phone_no,role) values (?,?,?,?,?,?,?)
insert into members (birth,gender,login_id,login_password,name,phone_no,role) values ('2000-02-02T00:00:00.000+0900','FEMALE','user2','password2','Jane Doe','987-6543-2109','CHILD');
2024-05-23T15:09:33.334+09:00 DEBUG 98548 --- [    Test worker] org.hibernate.SQL                        : 
    select
        m1_0.member_id,
        m1_0.birth,
        m1_0.gender,
        m1_0.login_id,
        m1_0.login_password,
        m1_0.name,
        m1_0.phone_no,
        m1_0.role 
    from
        members m1_0 
    where
        m1_0.login_id=?
2024-05-23T15:09:33.647+09:00  INFO 98548 --- [    Test worker] p6spy                                    : #1716444573647 | took 312ms | statement | connection 5| url jdbc:mysql://basic-capstone-socialchild.c7sqiiwaofcr.eu-north-1.rds.amazonaws.com:3306/socialchilddb
select m1_0.member_id,m1_0.birth,m1_0.gender,m1_0.login_id,m1_0.login_password,m1_0.name,m1_0.phone_no,m1_0.role from members m1_0 where m1_0.login_id=?
select m1_0.member_id,m1_0.birth,m1_0.gender,m1_0.login_id,m1_0.login_password,m1_0.name,m1_0.phone_no,m1_0.role from members m1_0 where m1_0.login_id='newUser';
2024-05-23T15:09:33.650+09:00 DEBUG 98548 --- [    Test worker] org.hibernate.SQL                        : 
    insert 
    into
        members
        (birth, gender, login_id, login_password, name, phone_no, role) 
    values
        (?, ?, ?, ?, ?, ?, ?)
2024-05-23T15:09:33.965+09:00  INFO 98548 --- [    Test worker] p6spy                                    : #1716444573965 | took 312ms | statement | connection 5| url jdbc:mysql://basic-capstone-socialchild.c7sqiiwaofcr.eu-north-1.rds.amazonaws.com:3306/socialchilddb
insert into members (birth,gender,login_id,login_password,name,phone_no,role) values (?,?,?,?,?,?,?)
insert into members (birth,gender,login_id,login_password,name,phone_no,role) values ('2024-05-23T00:00:00.000+0900','MALE','newUser','newPassword','New User','321-654-9870','TEACHER');
2024-05-23T15:09:34.302+09:00  INFO 98548 --- [    Test worker] p6spy                                    : #1716444574302 | took 313ms | rollback | connection 5| url jdbc:mysql://basic-capstone-socialchild.c7sqiiwaofcr.eu-north-1.rds.amazonaws.com:3306/socialchilddb

;
2024-05-23T15:09:34.944+09:00 DEBUG 98548 --- [    Test worker] org.hibernate.SQL                        : 
    insert 
    into
        members
        (birth, gender, login_id, login_password, name, phone_no, role) 
    values
        (?, ?, ?, ?, ?, ?, ?)
2024-05-23T15:09:35.258+09:00  INFO 98548 --- [    Test worker] p6spy                                    : #1716444575258 | took 311ms | statement | connection 6| url jdbc:mysql://basic-capstone-socialchild.c7sqiiwaofcr.eu-north-1.rds.amazonaws.com:3306/socialchilddb
insert into members (birth,gender,login_id,login_password,name,phone_no,role) values (?,?,?,?,?,?,?)
insert into members (birth,gender,login_id,login_password,name,phone_no,role) values ('2000-01-01T00:00:00.000+0900','MALE','user1','password1','John Doe','123-4567-8901','CHILD');
2024-05-23T15:09:35.262+09:00 DEBUG 98548 --- [    Test worker] org.hibernate.SQL                        : 
    insert 
    into
        members
        (birth, gender, login_id, login_password, name, phone_no, role) 
    values
        (?, ?, ?, ?, ?, ?, ?)
2024-05-23T15:09:35.573+09:00  INFO 98548 --- [    Test worker] p6spy                                    : #1716444575572 | took 308ms | statement | connection 6| url jdbc:mysql://basic-capstone-socialchild.c7sqiiwaofcr.eu-north-1.rds.amazonaws.com:3306/socialchilddb
insert into members (birth,gender,login_id,login_password,name,phone_no,role) values (?,?,?,?,?,?,?)
insert into members (birth,gender,login_id,login_password,name,phone_no,role) values ('2000-02-02T00:00:00.000+0900','FEMALE','user2','password2','Jane Doe','987-6543-2109','CHILD');
2024-05-23T15:09:35.582+09:00 DEBUG 98548 --- [    Test worker] org.hibernate.SQL                        : 
    select
        m1_0.member_id,
        m1_0.birth,
        m1_0.gender,
        m1_0.login_id,
        m1_0.login_password,
        m1_0.name,
        m1_0.phone_no,
        m1_0.role 
    from
        members m1_0 
    where
        m1_0.login_id=?
2024-05-23T15:09:35.898+09:00  INFO 98548 --- [    Test worker] p6spy                                    : #1716444575898 | took 314ms | statement | connection 6| url jdbc:mysql://basic-capstone-socialchild.c7sqiiwaofcr.eu-north-1.rds.amazonaws.com:3306/socialchilddb
select m1_0.member_id,m1_0.birth,m1_0.gender,m1_0.login_id,m1_0.login_password,m1_0.name,m1_0.phone_no,m1_0.role from members m1_0 where m1_0.login_id=?
select m1_0.member_id,m1_0.birth,m1_0.gender,m1_0.login_id,m1_0.login_password,m1_0.name,m1_0.phone_no,m1_0.role from members m1_0 where m1_0.login_id='user1';
2024-05-23T15:09:36.227+09:00  INFO 98548 --- [    Test worker] p6spy                                    : #1716444576227 | took 314ms | rollback | connection 6| url jdbc:mysql://basic-capstone-socialchild.c7sqiiwaofcr.eu-north-1.rds.amazonaws.com:3306/socialchilddb

;
2024-05-23T15:09:36.872+09:00 DEBUG 98548 --- [    Test worker] org.hibernate.SQL                        : 
    insert 
    into
        members
        (birth, gender, login_id, login_password, name, phone_no, role) 
    values
        (?, ?, ?, ?, ?, ?, ?)
2024-05-23T15:09:37.185+09:00  INFO 98548 --- [    Test worker] p6spy                                    : #1716444577185 | took 309ms | statement | connection 7| url jdbc:mysql://basic-capstone-socialchild.c7sqiiwaofcr.eu-north-1.rds.amazonaws.com:3306/socialchilddb
insert into members (birth,gender,login_id,login_password,name,phone_no,role) values (?,?,?,?,?,?,?)
insert into members (birth,gender,login_id,login_password,name,phone_no,role) values ('2000-01-01T00:00:00.000+0900','MALE','user1','password1','John Doe','123-4567-8901','CHILD');
2024-05-23T15:09:37.187+09:00 DEBUG 98548 --- [    Test worker] org.hibernate.SQL                        : 
    insert 
    into
        members
        (birth, gender, login_id, login_password, name, phone_no, role) 
    values
        (?, ?, ?, ?, ?, ?, ?)
2024-05-23T15:09:37.501+09:00  INFO 98548 --- [    Test worker] p6spy                                    : #1716444577501 | took 311ms | statement | connection 7| url jdbc:mysql://basic-capstone-socialchild.c7sqiiwaofcr.eu-north-1.rds.amazonaws.com:3306/socialchilddb
insert into members (birth,gender,login_id,login_password,name,phone_no,role) values (?,?,?,?,?,?,?)
insert into members (birth,gender,login_id,login_password,name,phone_no,role) values ('2000-02-02T00:00:00.000+0900','FEMALE','user2','password2','Jane Doe','987-6543-2109','CHILD');
2024-05-23T15:09:37.513+09:00 DEBUG 98548 --- [    Test worker] org.hibernate.SQL                        : 
    select
        m1_0.member_id,
        m1_0.birth,
        m1_0.gender,
        m1_0.login_id,
        m1_0.login_password,
        m1_0.name,
        m1_0.phone_no,
        m1_0.role 
    from
        members m1_0 
    where
        m1_0.login_id=?
2024-05-23T15:09:37.828+09:00  INFO 98548 --- [    Test worker] p6spy                                    : #1716444577828 | took 313ms | statement | connection 7| url jdbc:mysql://basic-capstone-socialchild.c7sqiiwaofcr.eu-north-1.rds.amazonaws.com:3306/socialchilddb
select m1_0.member_id,m1_0.birth,m1_0.gender,m1_0.login_id,m1_0.login_password,m1_0.name,m1_0.phone_no,m1_0.role from members m1_0 where m1_0.login_id=?
select m1_0.member_id,m1_0.birth,m1_0.gender,m1_0.login_id,m1_0.login_password,m1_0.name,m1_0.phone_no,m1_0.role from members m1_0 where m1_0.login_id='user1';
2024-05-23T15:09:38.162+09:00  INFO 98548 --- [    Test worker] p6spy                                    : #1716444578162 | took 321ms | rollback | connection 7| url jdbc:mysql://basic-capstone-socialchild.c7sqiiwaofcr.eu-north-1.rds.amazonaws.com:3306/socialchilddb

;
]]></system-out>
  <system-err><![CDATA[]]></system-err>
</testsuite>
