<?xml version="1.0" encoding="UTF-8"?>
<testsuite name="capstone.socialchild.config.SessionManagerTest" tests="1" skipped="0" failures="0" errors="0" timestamp="2024-05-23T06:09:32" hostname="simgyuseon-ui-MacBookAir.local" time="0.004">
  <properties/>
  <testcase name="sessionTest()" classname="capstone.socialchild.config.SessionManagerTest" time="0.004"/>
  <system-out><![CDATA[2024-05-23T15:09:32.262+09:00  INFO 98548 --- [    Test worker] c.socialchild.config.SessionManager      : 세션 생성: sessionId=a533467b-4c80-4914-91ac-2a7fec2feae0, value=capstone.socialchild.domain.member.Member@127c5f20
2024-05-23T15:09:32.264+09:00  INFO 98548 --- [    Test worker] c.socialchild.config.SessionManager      : 쿠키 생성 및 응답에 추가: sessionId=a533467b-4c80-4914-91ac-2a7fec2feae0
2024-05-23T15:09:32.265+09:00  INFO 98548 --- [    Test worker] c.socialchild.config.SessionManager      : 세션 조회 성공: sessionId=a533467b-4c80-4914-91ac-2a7fec2feae0, value=capstone.socialchild.domain.member.Member@127c5f20
2024-05-23T15:09:32.265+09:00  INFO 98548 --- [    Test worker] c.socialchild.config.SessionManager      : 세션 만료: sessionId=a533467b-4c80-4914-91ac-2a7fec2feae0
2024-05-23T15:09:32.265+09:00  WARN 98548 --- [    Test worker] c.socialchild.config.SessionManager      : 세션이 존재하지 않습니다: sessionId=a533467b-4c80-4914-91ac-2a7fec2feae0
]]></system-out>
  <system-err><![CDATA[]]></system-err>
</testsuite>
