<?xml version="1.0" encoding="UTF-8"?>
<testsuite name="capstone.socialchild.service.MissionServiceTest" tests="3" skipped="0" failures="0" errors="0" timestamp="2024-05-23T06:09:26" hostname="simgyuseon-ui-MacBookAir.local" time="6.075">
  <properties/>
  <testcase name="미션추가_오류()" classname="capstone.socialchild.service.MissionServiceTest" time="3.245"/>
  <testcase name="미션추가_조회()" classname="capstone.socialchild.service.MissionServiceTest" time="1.564"/>
  <testcase name="미션수정()" classname="capstone.socialchild.service.MissionServiceTest" time="1.259"/>
  <system-out><![CDATA[15:09:10.753 [Test worker] INFO org.springframework.test.context.support.AnnotationConfigContextLoaderUtils -- Could not detect default configuration classes for test class [capstone.socialchild.service.MissionServiceTest]: MissionServiceTest does not declare any static, non-private, non-final, nested classes annotated with @Configuration.
15:09:10.792 [Test worker] INFO org.springframework.boot.test.context.SpringBootTestContextBootstrapper -- Found @SpringBootConfiguration capstone.socialchild.socialchildApplication for test class capstone.socialchild.service.MissionServiceTest
15:09:10.843 [Test worker] INFO org.springframework.boot.devtools.restart.RestartApplicationListener -- Restart disabled due to context in which it is running

  .   ____          _            __ _ _
 /\\ / ___'_ __ _ _(_)_ __  __ _ \ \ \ \
( ( )\___ | '_ | '_| | '_ \/ _` | \ \ \ \
 \\/  ___)| |_)| | | | | || (_| |  ) ) ) )
  '  |____| .__|_| |_|_| |_\__, | / / / /
 =========|_|==============|___/=/_/_/_/
 :: Spring Boot ::                (v3.2.4)

2024-05-23T15:09:10.936+09:00  INFO 98548 --- [    Test worker] c.s.service.MissionServiceTest           : Starting MissionServiceTest using Java 17.0.8.1 with PID 98548 (started by gyuseon in /Users/gyuseon/capstone-basic/capstone)
2024-05-23T15:09:10.936+09:00  INFO 98548 --- [    Test worker] c.s.service.MissionServiceTest           : No active profile set, falling back to 1 default profile: "default"
2024-05-23T15:09:11.194+09:00  INFO 98548 --- [    Test worker] .s.d.r.c.RepositoryConfigurationDelegate : Bootstrapping Spring Data JPA repositories in DEFAULT mode.
2024-05-23T15:09:11.213+09:00  INFO 98548 --- [    Test worker] .s.d.r.c.RepositoryConfigurationDelegate : Finished Spring Data repository scanning in 16 ms. Found 3 JPA repository interfaces.
2024-05-23T15:09:11.396+09:00  INFO 98548 --- [    Test worker] o.hibernate.jpa.internal.util.LogHelper  : HHH000204: Processing PersistenceUnitInfo [name: default]
2024-05-23T15:09:11.412+09:00  INFO 98548 --- [    Test worker] org.hibernate.Version                    : HHH000412: Hibernate ORM core version 6.4.4.Final
2024-05-23T15:09:11.422+09:00  INFO 98548 --- [    Test worker] o.h.c.internal.RegionFactoryInitiator    : HHH000026: Second-level cache disabled
2024-05-23T15:09:11.495+09:00  INFO 98548 --- [    Test worker] o.s.o.j.p.SpringPersistenceUnitInfo      : No LoadTimeWeaver setup: ignoring JPA class transformer
2024-05-23T15:09:11.503+09:00  INFO 98548 --- [    Test worker] com.zaxxer.hikari.HikariDataSource       : HikariPool-1 - Starting...
2024-05-23T15:09:17.604+09:00  INFO 98548 --- [    Test worker] com.zaxxer.hikari.pool.HikariPool        : HikariPool-1 - Added connection com.mysql.cj.jdbc.ConnectionImpl@44d84313
2024-05-23T15:09:17.607+09:00  INFO 98548 --- [    Test worker] com.zaxxer.hikari.HikariDataSource       : HikariPool-1 - Start completed.
2024-05-23T15:09:18.881+09:00  INFO 98548 --- [    Test worker] o.h.e.t.j.p.i.JtaPlatformInitiator       : HHH000489: No JTA platform available (set 'hibernate.transaction.jta.platform' to enable JTA platform integration)
2024-05-23T15:09:21.293+09:00  INFO 98548 --- [    Test worker] p6spy                                    : #1716444561293 | took 370ms | statement | connection 1| url jdbc:mysql://basic-capstone-socialchild.c7sqiiwaofcr.eu-north-1.rds.amazonaws.com:3306/socialchilddb
select * from `socialchilddb`.`members` where 1=0
select * from `socialchilddb`.`members` where 1=0;
2024-05-23T15:09:22.517+09:00  INFO 98548 --- [    Test worker] p6spy                                    : #1716444562517 | took 611ms | statement | connection 1| url jdbc:mysql://basic-capstone-socialchild.c7sqiiwaofcr.eu-north-1.rds.amazonaws.com:3306/socialchilddb
select * from `socialchilddb`.`success_mission` where 1=0
select * from `socialchilddb`.`success_mission` where 1=0;
2024-05-23T15:09:24.400+09:00  INFO 98548 --- [    Test worker] p6spy                                    : #1716444564400 | took 346ms | statement | connection 1| url jdbc:mysql://basic-capstone-socialchild.c7sqiiwaofcr.eu-north-1.rds.amazonaws.com:3306/socialchilddb
select * from `socialchilddb`.`members` where 1=0
select * from `socialchilddb`.`members` where 1=0;
2024-05-23T15:09:25.590+09:00  INFO 98548 --- [    Test worker] p6spy                                    : #1716444565590 | took 614ms | statement | connection 1| url jdbc:mysql://basic-capstone-socialchild.c7sqiiwaofcr.eu-north-1.rds.amazonaws.com:3306/socialchilddb
select * from `socialchilddb`.`mission` where 1=0
select * from `socialchilddb`.`mission` where 1=0;
2024-05-23T15:09:25.591+09:00  INFO 98548 --- [    Test worker] j.LocalContainerEntityManagerFactoryBean : Initialized JPA EntityManagerFactory for persistence unit 'default'
2024-05-23T15:09:25.784+09:00  INFO 98548 --- [    Test worker] o.s.d.j.r.query.QueryEnhancerFactory     : Hibernate is in classpath; If applicable, HQL parser will be used.
2024-05-23T15:09:25.914+09:00  WARN 98548 --- [    Test worker] JpaBaseConfiguration$JpaWebConfiguration : spring.jpa.open-in-view is enabled by default. Therefore, database queries may be performed during view rendering. Explicitly configure spring.jpa.open-in-view to disable this warning
2024-05-23T15:09:26.069+09:00  WARN 98548 --- [    Test worker] ion$DefaultTemplateResolverConfiguration : Cannot find template location: classpath:/templates/ (please add some templates, check your Thymeleaf configuration, or set spring.thymeleaf.check-template-location=false)
2024-05-23T15:09:26.142+09:00  INFO 98548 --- [    Test worker] c.s.service.MissionServiceTest           : Started MissionServiceTest in 15.302 seconds (process running for 15.764)
2024-05-23T15:09:27.762+09:00 DEBUG 98548 --- [    Test worker] org.hibernate.SQL                        : 
    insert 
    into
        mission
        (active_status, content, grade, title) 
    values
        (?, ?, ?, ?)
2024-05-23T15:09:28.353+09:00  INFO 98548 --- [    Test worker] p6spy                                    : #1716444568353 | took 588ms | statement | connection 2| url jdbc:mysql://basic-capstone-socialchild.c7sqiiwaofcr.eu-north-1.rds.amazonaws.com:3306/socialchilddb
insert into mission (active_status,content,grade,title) values (?,?,?,?)
insert into mission (active_status,content,grade,title) values (true,'내용','GOLD','제목');
2024-05-23T15:09:28.424+09:00 DEBUG 98548 --- [    Test worker] org.hibernate.SQL                        : 
    select
        m1_0.mission_id,
        m1_0.active_status,
        m1_0.content,
        m1_0.grade,
        m1_0.title 
    from
        mission m1_0 
    where
        m1_0.title=?
2024-05-23T15:09:28.736+09:00  INFO 98548 --- [    Test worker] p6spy                                    : #1716444568736 | took 311ms | statement | connection 2| url jdbc:mysql://basic-capstone-socialchild.c7sqiiwaofcr.eu-north-1.rds.amazonaws.com:3306/socialchilddb
select m1_0.mission_id,m1_0.active_status,m1_0.content,m1_0.grade,m1_0.title from mission m1_0 where m1_0.title=?
select m1_0.mission_id,m1_0.active_status,m1_0.content,m1_0.grade,m1_0.title from mission m1_0 where m1_0.title='제목';
2024-05-23T15:09:29.077+09:00  INFO 98548 --- [    Test worker] p6spy                                    : #1716444569077 | took 315ms | rollback | connection 2| url jdbc:mysql://basic-capstone-socialchild.c7sqiiwaofcr.eu-north-1.rds.amazonaws.com:3306/socialchilddb

;
2024-05-23T15:09:29.718+09:00 DEBUG 98548 --- [    Test worker] org.hibernate.SQL                        : 
    insert 
    into
        mission
        (active_status, content, grade, title) 
    values
        (?, ?, ?, ?)
2024-05-23T15:09:30.032+09:00  INFO 98548 --- [    Test worker] p6spy                                    : #1716444570032 | took 312ms | statement | connection 3| url jdbc:mysql://basic-capstone-socialchild.c7sqiiwaofcr.eu-north-1.rds.amazonaws.com:3306/socialchilddb
insert into mission (active_status,content,grade,title) values (?,?,?,?)
insert into mission (active_status,content,grade,title) values (true,'내용','GOLD','제목');
2024-05-23T15:09:30.033+09:00 DEBUG 98548 --- [    Test worker] org.hibernate.SQL                        : 
    select
        m1_0.mission_id,
        m1_0.active_status,
        m1_0.content,
        m1_0.grade,
        m1_0.title 
    from
        mission m1_0 
    where
        m1_0.title=?
2024-05-23T15:09:30.344+09:00  INFO 98548 --- [    Test worker] p6spy                                    : #1716444570343 | took 309ms | statement | connection 3| url jdbc:mysql://basic-capstone-socialchild.c7sqiiwaofcr.eu-north-1.rds.amazonaws.com:3306/socialchilddb
select m1_0.mission_id,m1_0.active_status,m1_0.content,m1_0.grade,m1_0.title from mission m1_0 where m1_0.title=?
select m1_0.mission_id,m1_0.active_status,m1_0.content,m1_0.grade,m1_0.title from mission m1_0 where m1_0.title='제목';
2024-05-23T15:09:30.656+09:00  INFO 98548 --- [    Test worker] p6spy                                    : #1716444570656 | took 306ms | rollback | connection 3| url jdbc:mysql://basic-capstone-socialchild.c7sqiiwaofcr.eu-north-1.rds.amazonaws.com:3306/socialchilddb

;
2024-05-23T15:09:31.286+09:00 DEBUG 98548 --- [    Test worker] org.hibernate.SQL                        : 
    insert 
    into
        mission
        (active_status, content, grade, title) 
    values
        (?, ?, ?, ?)
2024-05-23T15:09:31.590+09:00  INFO 98548 --- [    Test worker] p6spy                                    : #1716444571590 | took 300ms | statement | connection 4| url jdbc:mysql://basic-capstone-socialchild.c7sqiiwaofcr.eu-north-1.rds.amazonaws.com:3306/socialchilddb
insert into mission (active_status,content,grade,title) values (?,?,?,?)
insert into mission (active_status,content,grade,title) values (true,'내용','GOLD','제목');
2024-05-23T15:09:31.912+09:00  INFO 98548 --- [    Test worker] p6spy                                    : #1716444571912 | took 308ms | rollback | connection 4| url jdbc:mysql://basic-capstone-socialchild.c7sqiiwaofcr.eu-north-1.rds.amazonaws.com:3306/socialchilddb

;
]]></system-out>
  <system-err><![CDATA[]]></system-err>
</testsuite>
